<?xml version="1.0" encoding="UTF-8"?>
<testng-results skipped="0" failed="0" ignored="0" total="1" passed="1">
  <reporter-output>
  </reporter-output>
  <suite name="Testing Google Apps" duration-ms="11102" started-at="2022-03-15T20:27:05 IST" finished-at="2022-03-15T20:27:16 IST">
    <groups>
    </groups>
    <test name="SeleniumAutomaionSuite" duration-ms="11102" started-at="2022-03-15T20:27:05 IST" finished-at="2022-03-15T20:27:16 IST">
      <class name="org.example.LoginTest">
        <test-method status="PASS" signature="test()[pri:0, instance:org.example.LoginTest@3b084709]" name="test" duration-ms="11063" started-at="2022-03-15T20:27:05 IST" finished-at="2022-03-15T20:27:16 IST">
          <reporter-output>
          </reporter-output>
        </test-method> <!-- test -->
      </class> <!-- org.example.LoginTest -->
    </test> <!-- SeleniumAutomaionSuite -->
  </suite> <!-- Testing Google Apps -->
</testng-results>
